Release 14.7 - xst P.20131013 (nt64)
Copyright (c) 1995-2013 Xilinx, Inc.  All rights reserved.
--> Parameter TMPDIR set to xst/projnav.tmp


Total REAL time to Xst completion: 0.00 secs
Total CPU time to Xst completion: 0.19 secs
 
--> Parameter xsthdpdir set to xst


Total REAL time to Xst completion: 0.00 secs
Total CPU time to Xst completion: 0.19 secs
 
--> Reading design: meme_data_2.prj

TABLE OF CONTENTS
  1) Synthesis Options Summary
  2) HDL Compilation
  3) Design Hierarchy Analysis
  4) HDL Analysis
  5) HDL Synthesis
     5.1) HDL Synthesis Report
  6) Advanced HDL Synthesis
     6.1) Advanced HDL Synthesis Report
  7) Low Level Synthesis
  8) Partition Report
  9) Final Report
	9.1) Device utilization summary
	9.2) Partition Resource Summary
	9.3) TIMING REPORT


=========================================================================
*                      Synthesis Options Summary                        *
=========================================================================
---- Source Parameters
Input File Name                    : "meme_data_2.prj"
Input Format                       : mixed
Ignore Synthesis Constraint File   : NO

---- Target Parameters
Output File Name                   : "meme_data_2"
Output Format                      : NGC
Target Device                      : xc3s100e-5-vq100

---- Source Options
Top Module Name                    : meme_data_2
Automatic FSM Extraction           : YES
FSM Encoding Algorithm             : Auto
Safe Implementation                : No
FSM Style                          : LUT
RAM Extraction                     : Yes
RAM Style                          : Auto
ROM Extraction                     : Yes
Mux Style                          : Auto
Decoder Extraction                 : YES
Priority Encoder Extraction        : Yes
Shift Register Extraction          : YES
Logical Shifter Extraction         : YES
XOR Collapsing                     : YES
ROM Style                          : Auto
Mux Extraction                     : Yes
Resource Sharing                   : YES
Asynchronous To Synchronous        : NO
Multiplier Style                   : Auto
Automatic Register Balancing       : No

---- Target Options
Add IO Buffers                     : YES
Global Maximum Fanout              : 500
Add Generic Clock Buffer(BUFG)     : 24
Register Duplication               : YES
Slice Packing                      : YES
Optimize Instantiated Primitives   : NO
Use Clock Enable                   : Yes
Use Synchronous Set                : Yes
Use Synchronous Reset              : Yes
Pack IO Registers into IOBs        : Auto
Equivalent register Removal        : YES

---- General Options
Optimization Goal                  : Speed
Optimization Effort                : 1
Keep Hierarchy                     : No
Netlist Hierarchy                  : As_Optimized
RTL Output                         : Yes
Global Optimization                : AllClockNets
Read Cores                         : YES
Write Timing Constraints           : NO
Cross Clock Analysis               : NO
Hierarchy Separator                : /
Bus Delimiter                      : <>
Case Specifier                     : Maintain
Slice Utilization Ratio            : 100
BRAM Utilization Ratio             : 100
Verilog 2001                       : YES
Auto BRAM Packing                  : NO
Slice Utilization Ratio Delta      : 5

=========================================================================


=========================================================================
*                          HDL Compilation                              *
=========================================================================
Compiling verilog file "meme_data_2.v" in library work
Module <meme_data_2> compiled
No errors in compilation
Analysis of file <"meme_data_2.prj"> succeeded.
 

=========================================================================
*                     Design Hierarchy Analysis                         *
=========================================================================
Analyzing hierarchy for module <meme_data_2> in library <work>.


=========================================================================
*                            HDL Analysis                               *
=========================================================================
Analyzing top module <meme_data_2>.
INFO:Xst:1433 - Contents of array <memdata> may be accessed with an index that exceeds the array size. This could cause simulation mismatch.
INFO:Xst:1433 - Contents of array <memdata> may be accessed with an index that exceeds the array size. This could cause simulation mismatch.
Module <meme_data_2> is correct for synthesis.
 

=========================================================================
*                           HDL Synthesis                               *
=========================================================================

Performing bidirectional port resolution...

Synthesizing Unit <meme_data_2>.
    Related source file is "meme_data_2.v".
WARNING:Xst:647 - Input <address<5:3>> is never used. This port will be preserved and left unconnected if it belongs to a top-level block or it belongs to a sub-block and the hierarchy of this sub-block is preserved.
WARNING:Xst:1305 - Output <memrd> is never assigned. Tied to value 0.
    Found 8x64-bit single-port RAM <Mram_memdata> for signal <memdata>.
    Found 8-bit tristate buffer for signal <rddata>.
    Summary:
	inferred   1 RAM(s).
	inferred   8 Tristate(s).
Unit <meme_data_2> synthesized.


=========================================================================
HDL Synthesis Report

Macro Statistics
# RAMs                                                 : 1
 8x64-bit single-port RAM                              : 1
# Tristates                                            : 1
 8-bit tristate buffer                                 : 1

=========================================================================

=========================================================================
*                       Advanced HDL Synthesis                          *
=========================================================================


Synthesizing (advanced) Unit <meme_data_2>.
INFO:Xst:3218 - HDL ADVISOR - The RAM <Mram_memdata> will be implemented on LUTs either because you have described an asynchronous read or because of currently unsupported block RAM features. If you have described an asynchronous read, making it synchronous would allow you to take advantage of available block RAM resources, for optimized device usage and improved timings. Please refer to your documentation for coding guidelines.
    -----------------------------------------------------------------------
    | ram_type           | Distributed                         |          |
    -----------------------------------------------------------------------
    | Port A                                                              |
    |     aspect ratio   | 8-word x 64-bit                     |          |
    |     clkA           | connected to signal <clk>           | rise     |
    |     weA            | connected to signal <memwr>         | high     |
    |     addrA          | connected to signal <address>       |          |
    |     diA            | connected to signal <wrdata>        |          |
    |     doA            | connected to internal node          |          |
    -----------------------------------------------------------------------
Unit <meme_data_2> synthesized (advanced).

=========================================================================
Advanced HDL Synthesis Report

Macro Statistics
# RAMs                                                 : 1
 8x64-bit single-port distributed RAM                  : 1

=========================================================================

=========================================================================
*                         Low Level Synthesis                           *
=========================================================================
WARNING:Xst:2677 - Node <Mram_memdata9> of sequential type is unconnected in block <meme_data_2>.
WARNING:Xst:2677 - Node <Mram_memdata10> of sequential type is unconnected in block <meme_data_2>.
WARNING:Xst:2677 - Node <Mram_memdata11> of sequential type is unconnected in block <meme_data_2>.
WARNING:Xst:2677 - Node <Mram_memdata12> of sequential type is unconnected in block <meme_data_2>.
WARNING:Xst:2677 - Node <Mram_memdata13> of sequential type is unconnected in block <meme_data_2>.
WARNING:Xst:2677 - Node <Mram_memdata14> of sequential type is unconnected in block <meme_data_2>.
WARNING:Xst:2677 - Node <Mram_memdata15> of sequential type is unconnected in block <meme_data_2>.
WARNING:Xst:2677 - Node <Mram_memdata16> of sequential type is unconnected in block <meme_data_2>.
WARNING:Xst:2677 - Node <Mram_memdata17> of sequential type is unconnected in block <meme_data_2>.
WARNING:Xst:2677 - Node <Mram_memdata18> of sequential type is unconnected in block <meme_data_2>.
WARNING:Xst:2677 - Node <Mram_memdata19> of sequential type is unconnected in block <meme_data_2>.
WARNING:Xst:2677 - Node <Mram_memdata20> of sequential type is unconnected in block <meme_data_2>.
WARNING:Xst:2677 - Node <Mram_memdata21> of sequential type is unconnected in block <meme_data_2>.
WARNING:Xst:2677 - Node <Mram_memdata22> of sequential type is unconnected in block <meme_data_2>.
WARNING:Xst:2677 - Node <Mram_memdata23> of sequential type is unconnected in block <meme_data_2>.
WARNING:Xst:2677 - Node <Mram_memdata24> of sequential type is unconnected in block <meme_data_2>.
WARNING:Xst:2677 - Node <Mram_memdata25> of sequential type is unconnected in block <meme_data_2>.
WARNING:Xst:2677 - Node <Mram_memdata26> of sequential type is unconnected in block <meme_data_2>.
WARNING:Xst:2677 - Node <Mram_memdata27> of sequential type is unconnected in block <meme_data_2>.
WARNING:Xst:2677 - Node <Mram_memdata28> of sequential type is unconnected in block <meme_data_2>.
WARNING:Xst:2677 - Node <Mram_memdata29> of sequential type is unconnected in block <meme_data_2>.
WARNING:Xst:2677 - Node <Mram_memdata30> of sequential type is unconnected in block <meme_data_2>.
WARNING:Xst:2677 - Node <Mram_memdata31> of sequential type is unconnected in block <meme_data_2>.
WARNING:Xst:2677 - Node <Mram_memdata32> of sequential type is unconnected in block <meme_data_2>.
WARNING:Xst:2677 - Node <Mram_memdata33> of sequential type is unconnected in block <meme_data_2>.
WARNING:Xst:2677 - Node <Mram_memdata34> of sequential type is unconnected in block <meme_data_2>.
WARNING:Xst:2677 - Node <Mram_memdata35> of sequential type is unconnected in block <meme_data_2>.
WARNING:Xst:2677 - Node <Mram_memdata36> of sequential type is unconnected in block <meme_data_2>.
WARNING:Xst:2677 - Node <Mram_memdata37> of sequential type is unconnected in block <meme_data_2>.
WARNING:Xst:2677 - Node <Mram_memdata38> of sequential type is unconnected in block <meme_data_2>.
WARNING:Xst:2677 - Node <Mram_memdata39> of sequential type is unconnected in block <meme_data_2>.
WARNING:Xst:2677 - Node <Mram_memdata40> of sequential type is unconnected in block <meme_data_2>.
WARNING:Xst:2677 - Node <Mram_memdata41> of sequential type is unconnected in block <meme_data_2>.
WARNING:Xst:2677 - Node <Mram_memdata42> of sequential type is unconnected in block <meme_data_2>.
WARNING:Xst:2677 - Node <Mram_memdata43> of sequential type is unconnected in block <meme_data_2>.
WARNING:Xst:2677 - Node <Mram_memdata44> of sequential type is unconnected in block <meme_data_2>.
WARNING:Xst:2677 - Node <Mram_memdata45> of sequential type is unconnected in block <meme_data_2>.
WARNING:Xst:2677 - Node <Mram_memdata46> of sequential type is unconnected in block <meme_data_2>.
WARNING:Xst:2677 - Node <Mram_memdata47> of sequential type is unconnected in block <meme_data_2>.
WARNING:Xst:2677 - Node <Mram_memdata48> of sequential type is unconnected in block <meme_data_2>.
WARNING:Xst:2677 - Node <Mram_memdata49> of sequential type is unconnected in block <meme_data_2>.
WARNING:Xst:2677 - Node <Mram_memdata50> of sequential type is unconnected in block <meme_data_2>.
WARNING:Xst:2677 - Node <Mram_memdata51> of sequential type is unconnected in block <meme_data_2>.
WARNING:Xst:2677 - Node <Mram_memdata52> of sequential type is unconnected in block <meme_data_2>.
WARNING:Xst:2677 - Node <Mram_memdata53> of sequential type is unconnected in block <meme_data_2>.
WARNING:Xst:2677 - Node <Mram_memdata54> of sequential type is unconnected in block <meme_data_2>.
WARNING:Xst:2677 - Node <Mram_memdata55> of sequential type is unconnected in block <meme_data_2>.
WARNING:Xst:2677 - Node <Mram_memdata56> of sequential type is unconnected in block <meme_data_2>.
WARNING:Xst:2677 - Node <Mram_memdata57> of sequential type is unconnected in block <meme_data_2>.
WARNING:Xst:2677 - Node <Mram_memdata58> of sequential type is unconnected in block <meme_data_2>.
WARNING:Xst:2677 - Node <Mram_memdata59> of sequential type is unconnected in block <meme_data_2>.
WARNING:Xst:2677 - Node <Mram_memdata60> of sequential type is unconnected in block <meme_data_2>.
WARNING:Xst:2677 - Node <Mram_memdata61> of sequential type is unconnected in block <meme_data_2>.
WARNING:Xst:2677 - Node <Mram_memdata62> of sequential type is unconnected in block <meme_data_2>.
WARNING:Xst:2677 - Node <Mram_memdata63> of sequential type is unconnected in block <meme_data_2>.
WARNING:Xst:2677 - Node <Mram_memdata64> of sequential type is unconnected in block <meme_data_2>.

Optimizing unit <meme_data_2> ...

Mapping all equations...
Building and optimizing final netlist ...
Found area constraint ratio of 100 (+ 5) on block meme_data_2, actual ratio is 0.

Final Macro Processing ...

=========================================================================
Final Register Report

Found no macro
=========================================================================

=========================================================================
*                           Partition Report                            *
=========================================================================

Partition Implementation Status
-------------------------------

  No Partitions were found in this design.

-------------------------------

=========================================================================
*                            Final Report                               *
=========================================================================
Final Results
RTL Top Level Output File Name     : meme_data_2.ngr
Top Level Output File Name         : meme_data_2
Output Format                      : NGC
Optimization Goal                  : Speed
Keep Hierarchy                     : No

Design Statistics
# IOs                              : 25

Cell Usage :
# BELS                             : 2
#      GND                         : 1
#      VCC                         : 1
# RAMS                             : 8
#      RAM16X1S                    : 8
# Clock Buffers                    : 1
#      BUFGP                       : 1
# IO Buffers                       : 21
#      IBUF                        : 12
#      OBUF                        : 1
#      OBUFT                       : 8
=========================================================================

Device utilization summary:
---------------------------

Selected Device : 3s100evq100-5 

 Number of Slices:                        4  out of    960     0%  
 Number of 4 input LUTs:                  8  out of   1920     0%  
    Number used as logic:                 0
    Number used as RAMs:                  8
 Number of IOs:                          25
 Number of bonded IOBs:                  22  out of     66    33%  
 Number of GCLKs:                         1  out of     24     4%  

---------------------------
Partition Resource Summary:
---------------------------

  No Partitions were found in this design.

---------------------------


=========================================================================
TIMING REPORT

NOTE: THESE TIMING NUMBERS ARE ONLY A SYNTHESIS ESTIMATE.
      FOR ACCURATE TIMING INFORMATION PLEASE REFER TO THE TRACE REPORT
      GENERATED AFTER PLACE-and-ROUTE.

Clock Information:
------------------
-----------------------------------+------------------------+-------+
Clock Signal                       | Clock buffer(FF name)  | Load  |
-----------------------------------+------------------------+-------+
clk                                | BUFGP                  | 8     |
-----------------------------------+------------------------+-------+

Asynchronous Control Signals Information:
----------------------------------------
No asynchronous control signals found in this design

Timing Summary:
---------------
Speed Grade: -5

   Minimum period: No path found
   Minimum input arrival time before clock: 2.090ns
   Maximum output required time after clock: 5.180ns
   Maximum combinational path delay: 6.576ns

Timing Detail:
--------------
All values displayed in nanoseconds (ns)

=========================================================================
Timing constraint: Default OFFSET IN BEFORE for Clock 'clk'
  Total number of paths / destination ports: 40 / 40
-------------------------------------------------------------------------
Offset:              2.090ns (Levels of Logic = 1)
  Source:            memwr (PAD)
  Destination:       Mram_memdata1 (RAM)
  Destination Clock: clk rising

  Data Path: memwr to Mram_memdata1
                                Gate     Net
    Cell:in->out      fanout   Delay   Delay  Logical Name (Net Name)
    ----------------------------------------  ------------
     IBUF:I->O             8   1.106   0.643  memwr_IBUF (memwr_IBUF)
     RAM16X1S:WE               0.341          Mram_memdata1
    ----------------------------------------
    Total                      2.090ns (1.447ns logic, 0.643ns route)
                                       (69.2% logic, 30.8% route)

=========================================================================
Timing constraint: Default OFFSET OUT AFTER for Clock 'clk'
  Total number of paths / destination ports: 8 / 8
-------------------------------------------------------------------------
Offset:              5.180ns (Levels of Logic = 1)
  Source:            Mram_memdata8 (RAM)
  Destination:       rddata<7> (PAD)
  Source Clock:      clk rising

  Data Path: Mram_memdata8 to rddata<7>
                                Gate     Net
    Cell:in->out      fanout   Delay   Delay  Logical Name (Net Name)
    ----------------------------------------  ------------
     RAM16X1S:WCLK->O      1   1.654   0.357  Mram_memdata8 (rddata_7_OBUFT)
     OBUFT:I->O                3.169          rddata_7_OBUFT (rddata<7>)
    ----------------------------------------
    Total                      5.180ns (4.823ns logic, 0.357ns route)
                                       (93.1% logic, 6.9% route)

=========================================================================
Timing constraint: Default path analysis
  Total number of paths / destination ports: 24 / 8
-------------------------------------------------------------------------
Delay:               6.576ns (Levels of Logic = 3)
  Source:            address<2> (PAD)
  Destination:       rddata<7> (PAD)

  Data Path: address<2> to rddata<7>
                                Gate     Net
    Cell:in->out      fanout   Delay   Delay  Logical Name (Net Name)
    ----------------------------------------  ------------
     IBUF:I->O            16   1.106   0.879  address_2_IBUF (address_2_IBUF)
     RAM16X1S:A2->O        1   1.065   0.357  Mram_memdata1 (rddata_0_OBUFT)
     OBUFT:I->O                3.169          rddata_0_OBUFT (rddata<0>)
    ----------------------------------------
    Total                      6.576ns (5.340ns logic, 1.236ns route)
                                       (81.2% logic, 18.8% route)

=========================================================================


Total REAL time to Xst completion: 9.00 secs
Total CPU time to Xst completion: 8.82 secs
 
--> 

Total memory usage is 259672 kilobytes

Number of errors   :    0 (   0 filtered)
Number of warnings :   58 (   0 filtered)
Number of infos    :    3 (   0 filtered)

